<?xml version="1.0" encoding="UTF-8"?>
<!-- Generated by org.testng.reporters.JUnitReportReporter -->
<testsuite hostname="DELL" failures="0" tests="1" name="com.aws.demo.LauchBrowserTest" time="6.762" errors="0" timestamp="2023-04-25T22:50:29 IST" skipped="0">
  <testcase classname="com.aws.demo.LauchBrowserTest" name="OpenBrowser" time="6.762"/>
  <system-out/>
</testsuite> <!-- com.aws.demo.LauchBrowserTest -->
